{"level":"info","timestamp":"2026-04-12T02:20:06.269+0500","msg":"Get User","UserID":2}
{"level":"error","timestamp":"2026-04-12T02:20:06.287+0500","msg":"no rows in result set","method":"/user_v1.UserV1/Get","req":"id:2"}
{"level":"info","timestamp":"2026-04-12T02:20:06.287+0500","msg":"request","method":"/user_v1.UserV1/Get","req":"id:2","res":"<nil>","duration":0.0186037}
{"level":"info","timestamp":"2026-04-12T02:20:24.688+0500","msg":"Get User","UserID":10}
{"level":"error","timestamp":"2026-04-12T02:20:24.690+0500","msg":"no rows in result set","method":"/user_v1.UserV1/Get","req":"id:10"}
{"level":"info","timestamp":"2026-04-12T02:20:24.691+0500","msg":"request","method":"/user_v1.UserV1/Get","req":"id:10","res":"<nil>","duration":0.0029022}
{"level":"info","timestamp":"2026-04-12T02:20:29.665+0500","msg":"Get User","UserID":13}
{"level":"info","timestamp":"2026-04-12T02:20:29.668+0500","msg":"request","method":"/user_v1.UserV1/Get","req":"id:13","res":"user:{id:13  info:{first_name:\"anim veniam culpa Lorem\"  last_name:\"culpa Lorem\"  phone_number:\"ex in cupidatat dolor veniam\"  email:\"in\"}  created_at:{seconds:1775486479  nanos:456076000}  updated_at:{seconds:1775486479  nanos:455376000}}","duration":0.0025116}
{"level":"info","timestamp":"2026-04-14T19:01:20.699+0500","msg":"Prometheus server running on :2112"}
{"level":"info","timestamp":"2026-04-14T19:05:51.088+0500","msg":"Prometheus server running on :2112"}
{"level":"info","timestamp":"2026-04-14T19:13:30.205+0500","msg":"Prometheus server running on :2112"}
{"level":"info","timestamp":"2026-04-14T19:18:38.083+0500","msg":"Prometheus server running on :2112"}
{"level":"info","timestamp":"2026-04-14T19:47:09.888+0500","msg":"request","method":"/user_v1.UserV1/List","req":"","res":"","duration":0.0364866}
{"level":"info","timestamp":"2026-04-14T19:50:01.519+0500","msg":"Get User","UserID":13}
{"level":"info","timestamp":"2026-04-14T19:50:01.529+0500","msg":"request","method":"/user_v1.UserV1/Get","req":"id:13","res":"user:{id:13  info:{first_name:\"anim veniam culpa Lorem\"  last_name:\"culpa Lorem\"  phone_number:\"ex in cupidatat dolor veniam\"  email:\"in\"}  created_at:{seconds:1775486479  nanos:456076000}  updated_at:{seconds:1775486479  nanos:455376000}}","duration":0.0098266}
{"level":"info","timestamp":"2026-04-14T19:50:09.766+0500","msg":"request","method":"/user_v1.UserV1/List","req":"","res":"","duration":0.0022297}
{"level":"info","timestamp":"2026-04-14T19:50:17.727+0500","msg":"Get User","UserID":13}
{"level":"info","timestamp":"2026-04-14T19:50:17.729+0500","msg":"request","method":"/user_v1.UserV1/Get","req":"id:13","res":"user:{id:13  info:{first_name:\"anim veniam culpa Lorem\"  last_name:\"culpa Lorem\"  phone_number:\"ex in cupidatat dolor veniam\"  email:\"in\"}  created_at:{seconds:1775486479  nanos:456076000}  updated_at:{seconds:1775486479  nanos:455376000}}","duration":0.0025467}
{"level":"info","timestamp":"2026-04-14T19:50:46.071+0500","msg":"request","method":"/user_v1.UserV1/List","req":"","res":"","duration":0.001048}
{"level":"info","timestamp":"2026-04-14T19:54:06.836+0500","msg":"request","method":"/user_v1.UserV1/List","req":"limit:20","res":"users:{id:8  info:{first_name:\"Edil\"  last_name:\"Token\"  phone_number:\"87752159699\"  email:\"Senior@mail.ru\"}  created_at:{seconds:1772647657  nanos:424841000}  updated_at:{seconds:1772647689  nanos:721977000}}  users:{id:9  info:{first_name:\"commodo quis est cupidatat Lorem\"  last_name:\"enim qui do tempor\"  phone_number:\"ad proident pariatur ipsum nisi\"  email:\"esse in Ut cillum ea\"}  created_at:{seconds:1772653126  nanos:191476000}}  users:{id:13  info:{first_name:\"anim veniam culpa Lorem\"  last_name:\"culpa Lorem\"  phone_number:\"ex in cupidatat dolor veniam\"  email:\"in\"}  created_at:{seconds:1775486479  nanos:456076000}  updated_at:{seconds:1775486479  nanos:455376000}}  users:{id:14  info:{first_name:\"elit\"  last_name:\"commodo\"  phone_number:\"ut Duis enim consequat Lorem\"  email:\"pariatur nostrud cupidatat ex\"}  created_at:{seconds:1775486582  nanos:873632000}  updated_at:{seconds:1775486583  nanos:63385000}}  users:{id:15  info:{first_name:\"ex Duis Lorem laborumdfdghjgkggnfbdvscafaghjggnfdbsvafbgnhmjgnfbdvs\"  last_name:\"cupidatat laborum proident id\"  phone_number:\"deserunt aliqua minim\"  email:\"ea in laborum laboris\"}  created_at:{seconds:1775494048  nanos:945080000}  updated_at:{seconds:1775494049  nanos:376516000}}  users:{id:16  info:{first_name:\"ex Duis Lorem laborumdfdghjgkggnfbdvscafaghjggnfdbsvafbgnhmjgnfbdvsdfasghjkjyhtgsrdfvfsfbngfhfffdfgvfbgnhjhmgfndgdsjfklgndskljgfbndslksdfgvdsfgsdhgsd\"  last_name:\"cupidatat laborum proident id\"  phone_number:\"deserunt aliqua minim\"  email:\"ea in laborum laboris\"}  created_at:{seconds:1775494061  nanos:188403000}  updated_at:{seconds:1775494061  nanos:127439000}}  users:{id:17  info:{first_name:\"ex Duis Lorem lab\"  last_name:\"cupidatat laborum proident id\"  phone_number:\"deserunt aliqua minim\"  email:\"ea in laborum laboris\"}  created_at:{seconds:1775494592  nanos:828953000}  updated_at:{seconds:1775494592  nanos:725244000}}  users:{id:18  info:{first_name:\"ut nulla veniam\"  last_name:\"Ut Lorem\"  phone_number:\"sit culpa elit ea Ut\"  email:\"sit Ut minim incididunt sed\"}  created_at:{seconds:1775676819  nanos:422604000}  updated_at:{seconds:1775676819  nanos:590815000}}  users:{id:19  info:{first_name:\"nostrud\"  last_name:\"ullamco aliqua ipsum nisi culpa\"  phone_number:\"dolor incididunt in\"  email:\"aute ut ea nisi anim\"}  created_at:{seconds:1775678754  nanos:476692000}  updated_at:{seconds:1775678754  nanos:318065000}}","duration":0.0034684}
{"level":"info","timestamp":"2026-04-14T23:46:05.210+0500","msg":"Prometheus server running on :2112"}
{"level":"info","timestamp":"2026-04-14T23:52:02.073+0500","msg":"Prometheus server running on :2112"}
